<?xml version="1.0" encoding="UTF-8"?>
<!-- Generated by org.testng.reporters.JUnitXMLReporter -->
<testsuite hostname="DESKTOP-662NI4B" ignored="0" name="Default test" tests="3" failures="0" timestamp="12 May 2023 17:51:08 GMT" time="43.207" errors="0">
  <testcase name="project" time="18.187" classname="Maven_Two.NewProject.Add"/>
  <testcase name="project1" time="11.653" classname="Maven_Two.NewProject.Add"/>
  <testcase name="project3" time="13.3" classname="Maven_Two.NewProject.Add"/>
</testsuite> <!-- Default test -->
