<?xml version="1.0" encoding="UTF-8"?>
<!-- Generated by org.testng.reporters.JUnitXMLReporter -->
<testsuite hostname="DESKTOP-662NI4B" ignored="1" name="add" tests="2" failures="0" timestamp="23 Mar 2023 07:26:02 GMT" time="20.461" errors="0">
  <testcase name="project" time="12.074" classname="Maven_Two.NewProject.Add"/>
  <testcase name="project3" time="8.349" classname="Maven_Two.NewProject.Add"/>
  <testcase name="project1" time="0.0" classname="Maven_Two.NewProject.Add">
    <ignored/>
  </testcase> <!-- project1 -->
</testsuite> <!-- add -->
